[
{
  "elements": [
    {
      "keyword": "Scenario", 
      "location": "Src\\Features\\A.feature:2", 
      "name": "This is Scenario A", 
      "steps": [
        {
          "keyword": "Given", 
          "location": "Src\\Features\\A.feature:3", 
          "match": {
            "arguments": [
              {
                "name": "thing", 
                "value": "a"
              }
            ], 
            "location": "Src\\steps\\Steps_For_A.py:6"
          }, 
          "name": "There is some data \"a\"", 
          "result": {
            "duration": 0.0, 
            "status": "passed"
          }, 
          "step_type": "given"
        }, 
        {
          "keyword": "Given", 
          "location": "Src\\Features\\A.feature:4", 
          "match": {
            "arguments": [
              {
                "name": "thing", 
                "value": "a"
              }
            ], 
            "location": "Src\\steps\\Steps_For_A.py:11"
          }, 
          "name": "i will parse that data \"a\"", 
          "result": {
            "duration": 0.0, 
            "status": "passed"
          }, 
          "step_type": "given"
        }, 
        {
          "keyword": "Then", 
          "location": "Src\\Features\\A.feature:5", 
          "match": {
            "arguments": [], 
            "location": "Src\\steps\\Steps_For_A.py:16"
          }, 
          "name": "i will perform something on that Data", 
          "result": {
            "duration": 0.0, 
            "status": "passed"
          }, 
          "step_type": "then"
        }
      ], 
      "tags": [], 
      "type": "scenario"
    }
  ], 
  "keyword": "Feature", 
  "location": "Src\\Features\\A.feature:1", 
  "name": "Just A feature file", 
  "status": "passed", 
  "tags": []
},

{
  "elements": [
    {
      "keyword": "Scenario", 
      "location": "Src\\Features\\B.feature:2", 
      "name": "thing assertion", 
      "steps": [
        {
          "keyword": "Given", 
          "location": "Src\\Features\\B.feature:3", 
          "match": {
            "arguments": [
              {
                "name": "thing", 
                "value": "apples"
              }
            ], 
            "location": "Src\\steps\\Steps_For_B.py:12"
          }, 
          "name": "there is a \"apples\"", 
          "result": {
            "duration": 0.0, 
            "status": "passed"
          }, 
          "step_type": "given"
        }, 
        {
          "keyword": "Then", 
          "location": "Src\\Features\\B.feature:4", 
          "match": {
            "arguments": [
              {
                "name": "other_thing", 
                "value": "apple"
              }
            ], 
            "location": "Src\\steps\\Steps_For_B.py:17"
          }, 
          "name": "it should also match with \"apple\"", 
          "result": {
            "duration": 0.0009999275207519531, 
            "status": "passed"
          }, 
          "step_type": "then"
        }
      ], 
      "tags": [], 
      "type": "scenario"
    }
  ], 
  "keyword": "Feature", 
  "location": "Src\\Features\\B.feature:1", 
  "name": "Feature file with Step Parameters (Sample)", 
  "status": "passed", 
  "tags": []
}
]
